<?xml version="1.0" encoding="UTF-8"?>
<coverage generated="1762318174710" clover="3.2.0">
  <project timestamp="1762318174710" name="All files">
    <metrics statements="18" coveredstatements="8" conditionals="12" coveredconditionals="5" methods="4" coveredmethods="2" elements="34" coveredelements="15" complexity="0" loc="18" ncloc="18" packages="2" files="2" classes="2"/>
    <package name="src.service">
      <metrics statements="17" coveredstatements="7" conditionals="12" coveredconditionals="5" methods="4" coveredmethods="2"/>
      <file name="auth.service.ts" path="/Users/juno/Documents/GitHub/4-sprint-mission/mission8_1/src/service/auth.service.ts">
        <metrics statements="17" coveredstatements="7" conditionals="12" coveredconditionals="5" methods="4" coveredmethods="2"/>
        <line num="9" count="2" type="cond" truecount="1" falsecount="1"/>
        <line num="10" count="2" type="stmt"/>
        <line num="20" count="0" type="stmt"/>
        <line num="32" count="0" type="stmt"/>
        <line num="34" count="0" type="cond" truecount="0" falsecount="2"/>
        <line num="35" count="0" type="stmt"/>
        <line num="36" count="0" type="stmt"/>
        <line num="38" count="0" type="stmt"/>
        <line num="46" count="0" type="stmt"/>
        <line num="53" count="2" type="stmt"/>
        <line num="58" count="2" type="cond" truecount="1" falsecount="1"/>
        <line num="60" count="2" type="cond" truecount="1" falsecount="1"/>
        <line num="61" count="2" type="stmt"/>
        <line num="63" count="2" type="cond" truecount="1" falsecount="1"/>
        <line num="65" count="0" type="stmt"/>
        <line num="66" count="0" type="stmt"/>
        <line num="70" count="0" type="stmt"/>
      </file>
    </package>
    <package name="test.__mock__">
      <metrics statements="1" coveredstatements="1" conditionals="0" coveredconditionals="0" methods="0" coveredmethods="0"/>
      <file name="prisma.ts" path="/Users/juno/Documents/GitHub/4-sprint-mission/mission8_1/test/__mock__/prisma.ts">
        <metrics statements="1" coveredstatements="1" conditionals="0" coveredconditionals="0" methods="0" coveredmethods="0"/>
        <line num="1" count="2" type="stmt"/>
      </file>
    </package>
  </project>
</coverage>
