<?xml version="1.0" encoding="UTF-8"?>
<coverage generated="1762767931334" clover="3.2.0">
  <project timestamp="1762767931334" name="All files">
    <metrics statements="23" coveredstatements="3" conditionals="12" coveredconditionals="0" methods="5" coveredmethods="1" elements="40" coveredelements="4" complexity="0" loc="23" ncloc="23" packages="2" files="2" classes="2"/>
    <package name="src.service">
      <metrics statements="22" coveredstatements="2" conditionals="12" coveredconditionals="0" methods="5" coveredmethods="1"/>
      <file name="auth.service.ts" path="/Users/juno/Documents/GitHub/4-sprint-mission/mission8/src/service/auth.service.ts">
        <metrics statements="22" coveredstatements="2" conditionals="12" coveredconditionals="0" methods="5" coveredmethods="1"/>
        <line num="9" count="1" type="stmt"/>
        <line num="11" count="1" type="stmt"/>
        <line num="14" count="0" type="cond" truecount="0" falsecount="2"/>
        <line num="15" count="0" type="stmt"/>
        <line num="22" count="0" type="stmt"/>
        <line num="34" count="0" type="stmt"/>
        <line num="36" count="0" type="cond" truecount="0" falsecount="2"/>
        <line num="37" count="0" type="stmt"/>
        <line num="38" count="0" type="stmt"/>
        <line num="40" count="0" type="stmt"/>
        <line num="48" count="0" type="stmt"/>
        <line num="55" count="0" type="stmt"/>
        <line num="60" count="0" type="stmt"/>
        <line num="61" count="0" type="cond" truecount="0" falsecount="2"/>
        <line num="62" count="0" type="cond" truecount="0" falsecount="2"/>
        <line num="63" count="0" type="stmt"/>
        <line num="64" count="0" type="stmt"/>
        <line num="65" count="0" type="cond" truecount="0" falsecount="2"/>
        <line num="67" count="0" type="stmt"/>
        <line num="68" count="0" type="stmt"/>
        <line num="69" count="0" type="stmt"/>
        <line num="73" count="0" type="stmt"/>
      </file>
    </package>
    <package name="test.__mock__">
      <metrics statements="1" coveredstatements="1" conditionals="0" coveredconditionals="0" methods="0" coveredmethods="0"/>
      <file name="prisma.ts" path="/Users/juno/Documents/GitHub/4-sprint-mission/mission8/test/__mock__/prisma.ts">
        <metrics statements="1" coveredstatements="1" conditionals="0" coveredconditionals="0" methods="0" coveredmethods="0"/>
        <line num="1" count="1" type="stmt"/>
      </file>
    </package>
  </project>
</coverage>
