{"/Users/juno/Documents/GitHub/4-sprint-mission/mission8_1/src/service/auth.service.ts": {"path":"/Users/juno/Documents/GitHub/4-sprint-mission/mission8_1/src/service/auth.service.ts","statementMap":{"0":{"start":{"line":9,"column":4},"end":{"line":9,"column":31}},"1":{"start":{"line":9,"column":13},"end":{"line":9,"column":31}},"2":{"start":{"line":10,"column":4},"end":{"line":13,"column":7}},"3":{"start":{"line":20,"column":4},"end":{"line":29,"column":7}},"4":{"start":{"line":32,"column":25},"end":{"line":32,"column":61}},"5":{"start":{"line":34,"column":4},"end":{"line":35,"column":52}},"6":{"start":{"line":35,"column":6},"end":{"line":35,"column":52}},"7":{"start":{"line":36,"column":25},"end":{"line":36,"column":56}},"8":{"start":{"line":38,"column":19},"end":{"line":44,"column":6}},"9":{"start":{"line":46,"column":4},"end":{"line":46,"column":18}},"10":{"start":{"line":53,"column":17},"end":{"line":57,"column":6}},"11":{"start":{"line":58,"column":4},"end":{"line":58,"column":48}},"12":{"start":{"line":58,"column":15},"end":{"line":58,"column":48}},"13":{"start":{"line":60,"column":4},"end":{"line":60,"column":60}},"14":{"start":{"line":60,"column":24},"end":{"line":60,"column":60}},"15":{"start":{"line":61,"column":20},"end":{"line":61,"column":65}},"16":{"start":{"line":63,"column":4},"end":{"line":63,"column":53}},"17":{"start":{"line":63,"column":18},"end":{"line":63,"column":53}},"18":{"start":{"line":65,"column":42},"end":{"line":65,"column":78}},"19":{"start":{"line":66,"column":19},"end":{"line":69,"column":6}},"20":{"start":{"line":70,"column":4},"end":{"line":70,"column":18}}},"fnMap":{"0":{"name":"(anonymous_0)","decl":{"start":{"line":8,"column":10},"end":{"line":8,"column":15}},"loc":{"start":{"line":8,"column":77},"end":{"line":14,"column":3}}},"1":{"name":"(anonymous_1)","decl":{"start":{"line":16,"column":10},"end":{"line":16,"column":15}},"loc":{"start":{"line":18,"column":20},"end":{"line":30,"column":3}}},"2":{"name":"(anonymous_2)","decl":{"start":{"line":31,"column":2},"end":{"line":31,"column":7}},"loc":{"start":{"line":31,"column":59},"end":{"line":47,"column":3}}},"3":{"name":"(anonymous_3)","decl":{"start":{"line":49,"column":2},"end":{"line":49,"column":7}},"loc":{"start":{"line":51,"column":33},"end":{"line":71,"column":3}}}},"branchMap":{"0":{"loc":{"start":{"line":9,"column":4},"end":{"line":9,"column":31}},"type":"if","locations":[{"start":{"line":9,"column":4},"end":{"line":9,"column":31}},{"start":{},"end":{}}]},"1":{"loc":{"start":{"line":12,"column":14},"end":{"line":12,"column":28}},"type":"binary-expr","locations":[{"start":{"line":12,"column":14},"end":{"line":12,"column":20}},{"start":{"line":12,"column":24},"end":{"line":12,"column":28}}]},"2":{"loc":{"start":{"line":34,"column":4},"end":{"line":35,"column":52}},"type":"if","locations":[{"start":{"line":34,"column":4},"end":{"line":35,"column":52}},{"start":{},"end":{}}]},"3":{"loc":{"start":{"line":58,"column":4},"end":{"line":58,"column":48}},"type":"if","locations":[{"start":{"line":58,"column":4},"end":{"line":58,"column":48}},{"start":{},"end":{}}]},"4":{"loc":{"start":{"line":60,"column":4},"end":{"line":60,"column":60}},"type":"if","locations":[{"start":{"line":60,"column":4},"end":{"line":60,"column":60}},{"start":{},"end":{}}]},"5":{"loc":{"start":{"line":63,"column":4},"end":{"line":63,"column":53}},"type":"if","locations":[{"start":{"line":63,"column":4},"end":{"line":63,"column":53}},{"start":{},"end":{}}]}},"s":{"0":2,"1":0,"2":2,"3":0,"4":0,"5":0,"6":0,"7":0,"8":0,"9":0,"10":2,"11":2,"12":0,"13":2,"14":0,"15":2,"16":2,"17":2,"18":0,"19":0,"20":0},"f":{"0":2,"1":0,"2":0,"3":2},"b":{"0":[0,2],"1":[2,0],"2":[0,0],"3":[0,2],"4":[0,2],"5":[2,0]},"_coverageSchema":"1a1c01bbd47fc00a2c39e90264f33305004495a9","hash":"ab88f3d9a7602daab794faa7596e789a3753c8f5"}
,"/Users/juno/Documents/GitHub/4-sprint-mission/mission8_1/test/__mock__/prisma.ts": {"path":"/Users/juno/Documents/GitHub/4-sprint-mission/mission8_1/test/__mock__/prisma.ts","statementMap":{"0":{"start":{"line":1,"column":19},"end":{"line":8,"column":null}}},"fnMap":{},"branchMap":{},"s":{"0":2},"f":{},"b":{},"_coverageSchema":"1a1c01bbd47fc00a2c39e90264f33305004495a9","hash":"075caa69653a5e6282df9f5413d072ec98ead402"}
}
