{"/Users/juno/Documents/GitHub/4-sprint-mission/mission8/src/service/auth.service.ts": {"path":"/Users/juno/Documents/GitHub/4-sprint-mission/mission8/src/service/auth.service.ts","statementMap":{"0":{"start":{"line":9,"column":21},"end":{"line":9,"column":27}},"1":{"start":{"line":11,"column":6},"end":{"line":11,"column":26}},"2":{"start":{"line":14,"column":6},"end":{"line":14,"column":33}},"3":{"start":{"line":14,"column":15},"end":{"line":14,"column":33}},"4":{"start":{"line":15,"column":6},"end":{"line":18,"column":9}},"5":{"start":{"line":22,"column":6},"end":{"line":31,"column":9}},"6":{"start":{"line":34,"column":27},"end":{"line":34,"column":63}},"7":{"start":{"line":36,"column":6},"end":{"line":37,"column":54}},"8":{"start":{"line":37,"column":8},"end":{"line":37,"column":54}},"9":{"start":{"line":38,"column":27},"end":{"line":38,"column":58}},"10":{"start":{"line":40,"column":21},"end":{"line":46,"column":8}},"11":{"start":{"line":48,"column":6},"end":{"line":48,"column":20}},"12":{"start":{"line":55,"column":19},"end":{"line":59,"column":8}},"13":{"start":{"line":60,"column":6},"end":{"line":60,"column":23}},"14":{"start":{"line":61,"column":6},"end":{"line":61,"column":50}},"15":{"start":{"line":61,"column":17},"end":{"line":61,"column":50}},"16":{"start":{"line":62,"column":6},"end":{"line":62,"column":62}},"17":{"start":{"line":62,"column":26},"end":{"line":62,"column":62}},"18":{"start":{"line":63,"column":22},"end":{"line":63,"column":67}},"19":{"start":{"line":64,"column":6},"end":{"line":64,"column":26}},"20":{"start":{"line":65,"column":6},"end":{"line":65,"column":55}},"21":{"start":{"line":65,"column":20},"end":{"line":65,"column":55}},"22":{"start":{"line":67,"column":6},"end":{"line":67,"column":23}},"23":{"start":{"line":68,"column":44},"end":{"line":68,"column":80}},"24":{"start":{"line":69,"column":21},"end":{"line":72,"column":7}},"25":{"start":{"line":73,"column":6},"end":{"line":73,"column":20}}},"fnMap":{"0":{"name":"(anonymous_0)","decl":{"start":{"line":10,"column":4},"end":{"line":10,"column":5}},"loc":{"start":{"line":10,"column":36},"end":{"line":12,"column":5}},"line":10},"1":{"name":"(anonymous_1)","decl":{"start":{"line":13,"column":4},"end":{"line":13,"column":5}},"loc":{"start":{"line":13,"column":81},"end":{"line":19,"column":5}},"line":13},"2":{"name":"(anonymous_2)","decl":{"start":{"line":21,"column":4},"end":{"line":21,"column":5}},"loc":{"start":{"line":21,"column":60},"end":{"line":32,"column":5}},"line":21},"3":{"name":"(anonymous_3)","decl":{"start":{"line":33,"column":4},"end":{"line":33,"column":5}},"loc":{"start":{"line":33,"column":63},"end":{"line":49,"column":5}},"line":33},"4":{"name":"(anonymous_4)","decl":{"start":{"line":51,"column":4},"end":{"line":51,"column":5}},"loc":{"start":{"line":54,"column":62},"end":{"line":74,"column":5}},"line":54}},"branchMap":{"0":{"loc":{"start":{"line":14,"column":6},"end":{"line":14,"column":33}},"type":"if","locations":[{"start":{"line":14,"column":6},"end":{"line":14,"column":33}},{"start":{},"end":{}}],"line":14},"1":{"loc":{"start":{"line":17,"column":16},"end":{"line":17,"column":30}},"type":"binary-expr","locations":[{"start":{"line":17,"column":16},"end":{"line":17,"column":22}},{"start":{"line":17,"column":26},"end":{"line":17,"column":30}}],"line":17},"2":{"loc":{"start":{"line":36,"column":6},"end":{"line":37,"column":54}},"type":"if","locations":[{"start":{"line":36,"column":6},"end":{"line":37,"column":54}},{"start":{},"end":{}}],"line":36},"3":{"loc":{"start":{"line":61,"column":6},"end":{"line":61,"column":50}},"type":"if","locations":[{"start":{"line":61,"column":6},"end":{"line":61,"column":50}},{"start":{},"end":{}}],"line":61},"4":{"loc":{"start":{"line":62,"column":6},"end":{"line":62,"column":62}},"type":"if","locations":[{"start":{"line":62,"column":6},"end":{"line":62,"column":62}},{"start":{},"end":{}}],"line":62},"5":{"loc":{"start":{"line":65,"column":6},"end":{"line":65,"column":55}},"type":"if","locations":[{"start":{"line":65,"column":6},"end":{"line":65,"column":55}},{"start":{},"end":{}}],"line":65}},"s":{"0":1,"1":1,"2":0,"3":0,"4":0,"5":0,"6":0,"7":0,"8":0,"9":0,"10":0,"11":0,"12":0,"13":0,"14":0,"15":0,"16":0,"17":0,"18":0,"19":0,"20":0,"21":0,"22":0,"23":0,"24":0,"25":0},"f":{"0":1,"1":0,"2":0,"3":0,"4":0},"b":{"0":[0,0],"1":[0,0],"2":[0,0],"3":[0,0],"4":[0,0],"5":[0,0]},"_coverageSchema":"1a1c01bbd47fc00a2c39e90264f33305004495a9","hash":"f95c32c01659509cd233d0dfdb66872d10e7b370"}
,"/Users/juno/Documents/GitHub/4-sprint-mission/mission8/test/__mock__/prisma.ts": {"path":"/Users/juno/Documents/GitHub/4-sprint-mission/mission8/test/__mock__/prisma.ts","statementMap":{"0":{"start":{"line":1,"column":19},"end":{"line":8,"column":1}}},"fnMap":{},"branchMap":{},"s":{"0":1},"f":{},"b":{},"_coverageSchema":"1a1c01bbd47fc00a2c39e90264f33305004495a9","hash":"8db15c2a5b739fe668dc6f77382d2412b74e59ba"}
}
