TN:
SF:src/service/auth.service.ts
FN:8,(anonymous_0)
FN:16,(anonymous_1)
FN:31,(anonymous_2)
FN:49,(anonymous_3)
FNF:4
FNH:2
FNDA:2,(anonymous_0)
FNDA:0,(anonymous_1)
FNDA:0,(anonymous_2)
FNDA:2,(anonymous_3)
DA:9,2
DA:10,2
DA:20,0
DA:32,0
DA:34,0
DA:35,0
DA:36,0
DA:38,0
DA:46,0
DA:53,2
DA:58,2
DA:60,2
DA:61,2
DA:63,2
DA:65,0
DA:66,0
DA:70,0
LF:17
LH:7
BRDA:9,0,0,0
BRDA:9,0,1,2
BRDA:12,1,0,2
BRDA:12,1,1,0
BRDA:34,2,0,0
BRDA:34,2,1,0
BRDA:58,3,0,0
BRDA:58,3,1,2
BRDA:60,4,0,0
BRDA:60,4,1,2
BRDA:63,5,0,2
BRDA:63,5,1,0
BRF:12
BRH:5
end_of_record
TN:
SF:test/__mock__/prisma.ts
FNF:0
FNH:0
DA:1,2
LF:1
LH:1
BRF:0
BRH:0
end_of_record
